<?xml version="1.0" encoding="utf-8"?><testsuites name="pytest tests"><testsuite name="pytest" errors="0" failures="0" skipped="0" tests="11" time="4.895" timestamp="2026-08-07T19:58:26.811031+00:00" hostname="agent-env-161c08b6-cd89-4da6-a6ad-afe188ffcfe5"><testcase classname="tests.test_seo_layer" name="test_public_routes" time="0.306" /><testcase classname="tests.test_seo_layer" name="test_schemas_root_has_org_and_localbusiness" time="0.320" /><testcase classname="tests.test_seo_layer" name="test_schemas_about_has_breadcrumb" time="0.094" /><testcase classname="tests.test_seo_layer" name="test_schemas_services_reflects_published_service" time="0.920" /><testcase classname="tests.test_seo_layer" name="test_schemas_faq_reflects_published_faq" time="0.204" /><testcase classname="tests.test_seo_layer" name="test_sitemap_images_xml" time="0.116" /><testcase classname="tests.test_seo_layer" name="test_robots_contains_both_sitemaps" time="0.092" /><testcase classname="tests.test_seo_layer" name="test_llms_txt" time="0.124" /><testcase classname="tests.test_seo_layer" name="test_page_seo_full_flow" time="0.491" /><testcase classname="tests.test_seo_layer" name="test_page_seo_admin_list_requires_auth" time="0.136" /><testcase classname="tests.test_seo_layer" name="test_editor_can_put_but_not_delete" time="1.005" /></testsuite></testsuites>