<?xml version="1.0" encoding="utf-8"?><testsuites name="pytest tests"><testsuite name="pytest" errors="0" failures="0" skipped="0" tests="13" time="7.544" timestamp="2026-08-06T21:14:09.815709+00:00" hostname="agent-env-161c08b6-cd89-4da6-a6ad-afe188ffcfe5"><testcase classname="tests.backend_test" name="test_login_success" time="1.333" /><testcase classname="tests.backend_test" name="test_login_invalid" time="0.868" /><testcase classname="tests.backend_test" name="test_auth_me_with_cookie" time="0.521" /><testcase classname="tests.backend_test" name="test_auth_me_without_cookie" time="0.095" /><testcase classname="tests.backend_test" name="test_news_list_public" time="0.124" /><testcase classname="tests.backend_test" name="test_news_create_requires_auth" time="0.100" /><testcase classname="tests.backend_test" name="test_news_crud_flow" time="0.367" /><testcase classname="tests.backend_test" name="test_contact_submit_and_list" time="0.747" /><testcase classname="tests.backend_test" name="test_login_old_password_fails" time="0.463" /><testcase classname="tests.backend_test" name="test_careers_missing_cv" time="0.111" /><testcase classname="tests.backend_test" name="test_careers_invalid_type" time="0.111" /><testcase classname="tests.backend_test" name="test_careers_too_large" time="0.532" /><testcase classname="tests.backend_test" name="test_careers_success_and_list" time="0.656" /></testsuite></testsuites>