<?xml version="1.0" encoding="utf-8"?><testsuites name="pytest tests"><testsuite name="pytest" errors="0" failures="0" skipped="0" tests="22" time="8.461" timestamp="2026-08-07T19:43:57.932657+00:00" hostname="agent-env-161c08b6-cd89-4da6-a6ad-afe188ffcfe5"><testcase classname="tests.test_enterprise_cms" name="test_login_role_super_admin" time="0.779" /><testcase classname="tests.test_enterprise_cms" name="test_forgot_password_existing" time="0.597" /><testcase classname="tests.test_enterprise_cms" name="test_forgot_password_nonexisting" time="0.332" /><testcase classname="tests.test_enterprise_cms" name="test_reset_password_invalid_token" time="0.133" /><testcase classname="tests.test_enterprise_cms" name="test_reset_password_short" time="0.148" /><testcase classname="tests.test_enterprise_cms" name="test_admin_users_requires_auth" time="0.121" /><testcase classname="tests.test_enterprise_cms" name="test_admin_users_list" time="0.032" /><testcase classname="tests.test_enterprise_cms" name="test_editor_cannot_list_users" time="0.993" /><testcase classname="tests.test_enterprise_cms" name="test_admin_user_update_and_delete" time="0.475" /><testcase classname="tests.test_enterprise_cms" name="test_cms_unknown_type_404" time="0.100" /><testcase classname="tests.test_enterprise_cms" name="test_cms_public_only_published" time="0.314" /><testcase classname="tests.test_enterprise_cms" name="test_cms_crud_versions_restore" time="0.259" /><testcase classname="tests.test_enterprise_cms" name="test_cms_scheduled_publish" time="0.447" /><testcase classname="tests.test_enterprise_cms" name="test_media_upload_requires_auth" time="0.246" /><testcase classname="tests.test_enterprise_cms" name="test_media_upload_convert_update_delete" time="0.548" /><testcase classname="tests.test_enterprise_cms" name="test_audit_log_has_entries" time="0.029" /><testcase classname="tests.test_enterprise_cms" name="test_settings_get_public_and_update" time="0.279" /><testcase classname="tests.test_enterprise_cms" name="test_sitemap_xml" time="0.129" /><testcase classname="tests.test_enterprise_cms" name="test_robots_txt" time="0.095" /><testcase classname="tests.test_enterprise_cms" name="test_regression_news_list" time="0.123" /><testcase classname="tests.test_enterprise_cms" name="test_regression_contact" time="0.500" /><testcase classname="tests.test_enterprise_cms" name="test_regression_careers" time="0.446" /></testsuite></testsuites>