<?xml version="1.0" encoding="utf-8"?><testsuites name="pytest tests"><testsuite name="pytest" errors="0" failures="0" skipped="0" tests="8" time="8.937" timestamp="2026-08-04T21:24:26.158626+00:00" hostname="agent-env-161c08b6-cd89-4da6-a6ad-afe188ffcfe5"><testcase classname="tests.backend_test" name="test_login_success" time="0.933" /><testcase classname="tests.backend_test" name="test_login_invalid" time="0.424" /><testcase classname="tests.backend_test" name="test_auth_me_with_cookie" time="1.012" /><testcase classname="tests.backend_test" name="test_auth_me_without_cookie" time="0.301" /><testcase classname="tests.backend_test" name="test_news_list_public" time="0.527" /><testcase classname="tests.backend_test" name="test_news_create_requires_auth" time="0.297" /><testcase classname="tests.backend_test" name="test_news_crud_flow" time="0.452" /><testcase classname="tests.backend_test" name="test_contact_submit_and_list" time="3.419" /></testsuite></testsuites>