<?xml version="1.0" encoding="utf-8"?><testsuites name="pytest tests"><testsuite name="pytest" errors="0" failures="0" skipped="1" tests="16" time="15.104" timestamp="2026-08-07T20:15:36.648941+00:00" hostname="agent-env-161c08b6-cd89-4da6-a6ad-afe188ffcfe5"><testcase classname="tests.test_security_layer.TestSecurityHeaders" name="test_headers_present_on_api" time="0.609" /><testcase classname="tests.test_security_layer.TestAuditLoginLogout" name="test_login_failed_then_success_then_logout_audit" time="0.988" /><testcase classname="tests.test_security_layer.TestPasswordPolicy" name="test_admin_create_user_password_policy" time="1.034" /><testcase classname="tests.test_security_layer.TestPasswordPolicy" name="test_reset_password_policy" time="0.096" /><testcase classname="tests.test_security_layer.TestCSRFOrigin" name="test_admin_mutation_bogus_origin_rejected" time="0.028" /><testcase classname="tests.test_security_layer.TestCSRFOrigin" name="test_admin_mutation_no_origin_allowed" time="0.105" /><testcase classname="tests.test_security_layer.TestCSRFOrigin" name="test_admin_mutation_matching_origin_allowed" time="0.024"><skipped type="pytest.xfail" message="Ingress rewrites Origin to internal cluster URL — see report" /></testcase><testcase classname="tests.test_security_layer.TestXSSSanitization" name="test_news_body_sanitized" time="0.212" /><testcase classname="tests.test_security_layer.TestRegression" name="test_public_news_list" time="0.116" /><testcase classname="tests.test_security_layer.TestRegression" name="test_sitemap_robots_schemas_llms" time="0.720" /><testcase classname="tests.test_security_layer.TestRegression" name="test_admin_me" time="0.029" /><testcase classname="tests.test_security_layer.TestRegression" name="test_admin_cms_crud" time="0.144" /><testcase classname="tests.test_security_layer.TestRegression" name="test_single_contact_not_rate_limited" time="0.508" /><testcase classname="tests.test_security_layer.TestZRateLimits" name="test_login_rate_limit" time="1.704" /><testcase classname="tests.test_security_layer.TestZRateLimits" name="test_contact_rate_limit" time="7.103" /><testcase classname="tests.test_security_layer.TestZRateLimits" name="test_forgot_password_rate_limit" time="1.362" /></testsuite></testsuites>