<?xml version="1.0" encoding="utf-8"?><testsuites name="pytest tests"><testsuite name="pytest" errors="0" failures="0" skipped="0" tests="16" time="14.048" timestamp="2026-08-07T20:29:15.586922+00:00" hostname="agent-env-161c08b6-cd89-4da6-a6ad-afe188ffcfe5"><testcase classname="tests.test_security_layer.TestRegression" name="test_public_news_list" time="1.171" /><testcase classname="tests.test_security_layer.TestCSRFOrigin" name="test_admin_mutation_bogus_origin_rejected" time="1.572" /><testcase classname="tests.test_security_layer.TestRegression" name="test_sitemap_robots_schemas_llms" time="0.658" /><testcase classname="tests.test_security_layer.TestCSRFOrigin" name="test_admin_mutation_no_origin_allowed" time="0.134" /><testcase classname="tests.test_security_layer.TestCSRFOrigin" name="test_admin_mutation_matching_origin_allowed" time="0.127" /><testcase classname="tests.test_security_layer.TestZRateLimits" name="test_login_rate_limit" time="3.082" /><testcase classname="tests.test_security_layer.TestRegression" name="test_admin_me" time="0.542" /><testcase classname="tests.test_security_layer.TestRegression" name="test_admin_cms_crud" time="0.148" /><testcase classname="tests.test_security_layer.TestRegression" name="test_single_contact_not_rate_limited" time="0.436" /><testcase classname="tests.test_security_layer.TestPasswordPolicy" name="test_admin_create_user_password_policy" time="0.511" /><testcase classname="tests.test_security_layer.TestPasswordPolicy" name="test_reset_password_policy" time="0.098" /><testcase classname="tests.test_security_layer.TestSecurityHeaders" name="test_headers_present_on_api" time="0.029" /><testcase classname="tests.test_security_layer.TestAuditLoginLogout" name="test_login_failed_then_success_then_logout_audit" time="1.080" /><testcase classname="tests.test_security_layer.TestXSSSanitization" name="test_news_body_sanitized" time="0.174" /><testcase classname="tests.test_security_layer.TestZRateLimits" name="test_contact_rate_limit" time="6.619" /><testcase classname="tests.test_security_layer.TestZRateLimits" name="test_forgot_password_rate_limit" time="0.872" /></testsuite></testsuites>